<?xml version="1.0" encoding="UTF-8"?>
<testng-results ignored="0" total="0" passed="0" failed="0" skipped="0">
  <reporter-output>
  </reporter-output>
  <suite started-at="2023-09-20T12:10:10 PKT" name="Default suite" finished-at="2023-09-20T12:10:12 PKT" duration-ms="1155">
    <groups>
      <group name="cucumber">
        <method signature="AbstractTestNGCucumberTests.runScenario(io.cucumber.testng.PickleWrapper,io.cucumber.testng.FeatureWrapper)[pri:0, instance:runner.runcucumber@449a4f23]" name="runScenario" class="io.cucumber.testng.AbstractTestNGCucumberTests"/>
      </group> <!-- cucumber -->
    </groups>
    <test started-at="2023-09-20T12:10:10 PKT" name="Default test" finished-at="2023-09-20T12:10:12 PKT" duration-ms="1155">
      <class name="runner.runcucumber">
        <test-method is-config="true" signature="setUpClass(org.testng.ITestContext)[pri:0, instance:runner.runcucumber@449a4f23]" started-at="2023-09-20T12:10:10 PKT" name="setUpClass" finished-at="2023-09-20T12:10:11 PKT" duration-ms="796" status="PASS">
          <params>
            <param index="0">
              <value>
                <![CDATA[org.testng.TestRunner@7c6189d5]]>
              </value>
            </param>
          </params>
          <reporter-output>
          </reporter-output>
        </test-method> <!-- setUpClass -->
        <test-method is-config="true" signature="tearDownClass()[pri:0, instance:runner.runcucumber@449a4f23]" started-at="2023-09-20T12:10:11 PKT" name="tearDownClass" finished-at="2023-09-20T12:10:12 PKT" duration-ms="303" status="PASS">
          <reporter-output>
          </reporter-output>
        </test-method> <!-- tearDownClass -->
      </class> <!-- runner.runcucumber -->
    </test> <!-- Default test -->
  </suite> <!-- Default suite -->
</testng-results>
